<?xml version="1.0" encoding="UTF-8"?>
<testsuite xmlns:xsi="http://www.w3.org/2001/XMLSchema-instance" xsi:noNamespaceSchemaLocation="https://maven.apache.org/surefire/maven-surefire-plugin/xsd/surefire-test-report.xsd" version="3.0.2" name="com.javacore.JavaCoreApplicationTests" time="8.683" tests="1" errors="0" skipped="0" failures="0">
  <properties>
[...]
</properties>
  <testcase name="contextLoads" classname="com.javacore.JavaCoreApplicationTests" time="0.012">
    <system-out><![CDATA[
  .   ____          _            __ _ _
 /\\ / ___'_ __ _ _(_)_ __  __ _ \ \ \ \
( ( )\___ | '_ | '_| | '_ \/ _` | \ \ \ \
 \\/  ___)| |_)| | | | | || (_| |  ) ) ) )
  '  |____| .__|_| |_|_| |_\__, | / / / /
 =========|_|==============|___/=/_/_/_/

 :: Spring Boot ::                (v3.5.6)

2026-05-20T03:45:07.874+08:00  INFO 16476 --- [JAVA_CORE] [           main] com.javacore.JavaCoreApplicationTests    : Starting JavaCoreApplicationTests using Java 21.0.11 with PID 16476 (started by loren in C:\Users\loren\OneDrive\Documents\development\JAVA\JAVA_CORE)
2026-05-20T03:45:07.876+08:00  INFO 16476 --- [JAVA_CORE] [           main] com.javacore.JavaCoreApplicationTests    : No active profile set, falling back to 1 default profile: "default"
2026-05-20T03:45:09.549+08:00  INFO 16476 --- [JAVA_CORE] [           main] .s.d.r.c.RepositoryConfigurationDelegate : Bootstrapping Spring Data JPA repositories in DEFAULT mode.
2026-05-20T03:45:09.666+08:00  INFO 16476 --- [JAVA_CORE] [           main] .s.d.r.c.RepositoryConfigurationDelegate : Finished Spring Data repository scanning in 89 ms. Found 1 JPA repository interface.
2026-05-20T03:45:10.558+08:00  INFO 16476 --- [JAVA_CORE] [           main] o.hibernate.jpa.internal.util.LogHelper  : HHH000204: Processing PersistenceUnitInfo [name: default]
2026-05-20T03:45:10.696+08:00  INFO 16476 --- [JAVA_CORE] [           main] org.hibernate.Version                    : HHH000412: Hibernate ORM core version 6.6.29.Final
2026-05-20T03:45:10.751+08:00  INFO 16476 --- [JAVA_CORE] [           main] o.h.c.internal.RegionFactoryInitiator    : HHH000026: Second-level cache disabled
2026-05-20T03:45:10.989+08:00  INFO 16476 --- [JAVA_CORE] [           main] o.s.o.j.p.SpringPersistenceUnitInfo      : No LoadTimeWeaver setup: ignoring JPA class transformer
2026-05-20T03:45:11.042+08:00  INFO 16476 --- [JAVA_CORE] [           main] com.zaxxer.hikari.HikariDataSource       : HikariPool-1 - Starting...
2026-05-20T03:45:11.402+08:00  INFO 16476 --- [JAVA_CORE] [           main] com.zaxxer.hikari.pool.HikariPool        : HikariPool-1 - Added connection conn0: url=jdbc:h2:mem:javacore user=SA
2026-05-20T03:45:11.408+08:00  INFO 16476 --- [JAVA_CORE] [           main] com.zaxxer.hikari.HikariDataSource       : HikariPool-1 - Start completed.
2026-05-20T03:45:11.519+08:00  INFO 16476 --- [JAVA_CORE] [           main] org.hibernate.orm.connections.pooling    : HHH10001005: Database info:
	Database JDBC URL [Connecting through datasource 'HikariDataSource (HikariPool-1)']
	Database driver: undefined/unknown
	Database version: 2.3.232
	Autocommit mode: undefined/unknown
	Isolation level: undefined/unknown
	Minimum pool size: undefined/unknown
	Maximum pool size: undefined/unknown
2026-05-20T03:45:12.776+08:00  INFO 16476 --- [JAVA_CORE] [           main] o.h.e.t.j.p.i.JtaPlatformInitiator       : HHH000489: No JTA platform available (set 'hibernate.transaction.jta.platform' to enable JTA platform integration)
2026-05-20T03:45:12.873+08:00  INFO 16476 --- [JAVA_CORE] [           main] j.LocalContainerEntityManagerFactoryBean : Initialized JPA EntityManagerFactory for persistence unit 'default'
2026-05-20T03:45:13.728+08:00  WARN 16476 --- [JAVA_CORE] [           main] JpaBaseConfiguration$JpaWebConfiguration : spring.jpa.open-in-view is enabled by default. Therefore, database queries may be performed during view rendering. Explicitly configure spring.jpa.open-in-view to disable this warning
2026-05-20T03:45:14.337+08:00  INFO 16476 --- [JAVA_CORE] [           main] o.s.b.a.e.web.EndpointLinksResolver      : Exposing 2 endpoints beneath base path '/actuator'
2026-05-20T03:45:14.412+08:00  WARN 16476 --- [JAVA_CORE] [           main] .s.s.UserDetailsServiceAutoConfiguration : 

Using generated security password: 4b685088-f7b9-4469-b35e-92d8d2f2a65c

This generated password is for development use only. Your security configuration must be updated before running your application in production.

2026-05-20T03:45:14.416+08:00  INFO 16476 --- [JAVA_CORE] [           main] r$InitializeUserDetailsManagerConfigurer : Global AuthenticationManager configured with UserDetailsService bean with name inMemoryUserDetailsManager
2026-05-20T03:45:15.006+08:00  INFO 16476 --- [JAVA_CORE] [           main] o.s.b.a.h2.H2ConsoleAutoConfiguration    : H2 console available at '/h2-console'. Database available at 'jdbc:h2:mem:javacore'
2026-05-20T03:45:15.165+08:00  INFO 16476 --- [JAVA_CORE] [           main] com.javacore.JavaCoreApplicationTests    : Started JavaCoreApplicationTests in 7.476 seconds (process running for 16.77)
]]></system-out>
  </testcase>
</testsuite>